c:\users\nicho\documents\github\xenon\xenondll\debug\vc142.pdb
c:\users\nicho\documents\github\xenon\xenondll\debug\vc142.idb
c:\users\nicho\documents\github\xenon\xenondll\debug\utility.obj
c:\users\nicho\documents\github\xenon\xenondll\debug\pipes.obj
c:\users\nicho\documents\github\xenon\xenondll\debug\security.obj
c:\users\nicho\documents\github\xenon\xenondll\debug\console.obj
c:\users\nicho\documents\github\xenon\xenondll\debug\antitaint.obj
c:\users\nicho\documents\github\xenon\xenondll\debug\main.obj
c:\users\nicho\documents\github\xenon\xenondll\debug\eyestep_utility.obj
c:\users\nicho\documents\github\xenon\xenondll\debug\eyestep.obj
c:\users\nicho\documents\github\xenon\xenondll\debug\lparser.obj
c:\users\nicho\documents\github\xenon\xenondll\debug\loslib.obj
c:\users\nicho\documents\github\xenon\xenondll\debug\lopcodes.obj
c:\users\nicho\documents\github\xenon\xenondll\debug\lobject.obj
c:\users\nicho\documents\github\xenon\xenondll\debug\loadlib.obj
c:\users\nicho\documents\github\xenon\xenondll\debug\lmem.obj
c:\users\nicho\documents\github\xenon\xenondll\debug\lmathlib.obj
c:\users\nicho\documents\github\xenon\xenondll\debug\llex.obj
c:\users\nicho\documents\github\xenon\xenondll\debug\liolib.obj
c:\users\nicho\documents\github\xenon\xenondll\debug\linit.obj
c:\users\nicho\documents\github\xenon\xenondll\debug\lgc.obj
c:\users\nicho\documents\github\xenon\xenondll\debug\lfunc.obj
c:\users\nicho\documents\github\xenon\xenondll\debug\ldump.obj
c:\users\nicho\documents\github\xenon\xenondll\debug\ldo.obj
c:\users\nicho\documents\github\xenon\xenondll\debug\ldebug.obj
c:\users\nicho\documents\github\xenon\xenondll\debug\ldblib.obj
c:\users\nicho\documents\github\xenon\xenondll\debug\lcode.obj
c:\users\nicho\documents\github\xenon\xenondll\debug\lbaselib.obj
c:\users\nicho\documents\github\xenon\xenondll\debug\lauxlib.obj
c:\users\nicho\documents\github\xenon\xenondll\debug\lapi.obj
c:\users\nicho\documents\github\xenon\xenondll\debug\lzio.obj
c:\users\nicho\documents\github\xenon\xenondll\debug\lvm.obj
c:\users\nicho\documents\github\xenon\xenondll\debug\lundump.obj
c:\users\nicho\documents\github\xenon\xenondll\debug\ltm.obj
c:\users\nicho\documents\github\xenon\xenondll\debug\ltablib.obj
c:\users\nicho\documents\github\xenon\xenondll\debug\ltable.obj
c:\users\nicho\documents\github\xenon\xenondll\debug\lstrlib.obj
c:\users\nicho\documents\github\xenon\xenondll\debug\lstring.obj
c:\users\nicho\documents\github\xenon\xenondll\debug\lstate.obj
c:\users\nicho\documents\github\xenon\build\xenondll\xenondll.ilk
c:\users\nicho\documents\github\xenon\build\xenondll\xenondll.dll
c:\users\nicho\documents\github\xenon\build\xenondll\xenondll.pdb
c:\users\nicho\documents\github\xenon\xenondll\debug\xenondll.tlog\cl.command.1.tlog
c:\users\nicho\documents\github\xenon\xenondll\debug\xenondll.tlog\cl.read.1.tlog
c:\users\nicho\documents\github\xenon\xenondll\debug\xenondll.tlog\cl.write.1.tlog
c:\users\nicho\documents\github\xenon\xenondll\debug\xenondll.tlog\link.command.1.tlog
c:\users\nicho\documents\github\xenon\xenondll\debug\xenondll.tlog\link.read.1.tlog
c:\users\nicho\documents\github\xenon\xenondll\debug\xenondll.tlog\link.write.1.tlog
