c:\users\nicho\documents\github\xenon\xenondll\release\vc142.pdb
c:\users\nicho\documents\github\xenon\xenondll\release\utility.obj
c:\users\nicho\documents\github\xenon\xenondll\release\pipes.obj
c:\users\nicho\documents\github\xenon\xenondll\release\security.obj
c:\users\nicho\documents\github\xenon\xenondll\release\console.obj
c:\users\nicho\documents\github\xenon\xenondll\release\antitaint.obj
c:\users\nicho\documents\github\xenon\xenondll\release\main.obj
c:\users\nicho\documents\github\xenon\xenondll\release\eyestep_utility.obj
c:\users\nicho\documents\github\xenon\xenondll\release\eyestep.obj
c:\users\nicho\documents\github\xenon\xenondll\release\lparser.obj
c:\users\nicho\documents\github\xenon\xenondll\release\loslib.obj
c:\users\nicho\documents\github\xenon\xenondll\release\lopcodes.obj
c:\users\nicho\documents\github\xenon\xenondll\release\lobject.obj
c:\users\nicho\documents\github\xenon\xenondll\release\loadlib.obj
c:\users\nicho\documents\github\xenon\xenondll\release\lmem.obj
c:\users\nicho\documents\github\xenon\xenondll\release\lmathlib.obj
c:\users\nicho\documents\github\xenon\xenondll\release\llex.obj
c:\users\nicho\documents\github\xenon\xenondll\release\liolib.obj
c:\users\nicho\documents\github\xenon\xenondll\release\linit.obj
c:\users\nicho\documents\github\xenon\xenondll\release\lgc.obj
c:\users\nicho\documents\github\xenon\xenondll\release\lfunc.obj
c:\users\nicho\documents\github\xenon\xenondll\release\ldump.obj
c:\users\nicho\documents\github\xenon\xenondll\release\ldo.obj
c:\users\nicho\documents\github\xenon\xenondll\release\ldebug.obj
c:\users\nicho\documents\github\xenon\xenondll\release\ldblib.obj
c:\users\nicho\documents\github\xenon\xenondll\release\lcode.obj
c:\users\nicho\documents\github\xenon\xenondll\release\lbaselib.obj
c:\users\nicho\documents\github\xenon\xenondll\release\lauxlib.obj
c:\users\nicho\documents\github\xenon\xenondll\release\lapi.obj
c:\users\nicho\documents\github\xenon\xenondll\release\lzio.obj
c:\users\nicho\documents\github\xenon\xenondll\release\lvm.obj
c:\users\nicho\documents\github\xenon\xenondll\release\lundump.obj
c:\users\nicho\documents\github\xenon\xenondll\release\ltm.obj
c:\users\nicho\documents\github\xenon\xenondll\release\ltablib.obj
c:\users\nicho\documents\github\xenon\xenondll\release\ltable.obj
c:\users\nicho\documents\github\xenon\xenondll\release\lstrlib.obj
c:\users\nicho\documents\github\xenon\xenondll\release\lstring.obj
c:\users\nicho\documents\github\xenon\xenondll\release\lstate.obj
c:\users\nicho\documents\github\xenon\build\xenondll\xenondll.dll
c:\users\nicho\documents\github\xenon\build\xenondll\xenondll.pdb
c:\users\nicho\documents\github\xenon\build\xenondll\xenondll.ipdb
c:\users\nicho\documents\github\xenon\build\xenondll\xenondll.iobj
c:\users\nicho\documents\github\xenon\xenondll\release\xenondll.tlog\cl.command.1.tlog
c:\users\nicho\documents\github\xenon\xenondll\release\xenondll.tlog\cl.read.1.tlog
c:\users\nicho\documents\github\xenon\xenondll\release\xenondll.tlog\cl.write.1.tlog
c:\users\nicho\documents\github\xenon\xenondll\release\xenondll.tlog\link.command.1.tlog
c:\users\nicho\documents\github\xenon\xenondll\release\xenondll.tlog\link.read.1.tlog
c:\users\nicho\documents\github\xenon\xenondll\release\xenondll.tlog\link.write.1.tlog
c:\users\nicho\documents\github\xenon\xenondll\release\xenondll.tlog\xenondll.write.1u.tlog
